Enter the name of file to open: FullRoster.txt
The value of students.getmatchedis false
Abhay matches with Cynthia with the score 62
Adam matches with Alan with the score 88
Alexander matches with Daniel with the score 78
Alexandra matches with Kristal with the score 82
Alfred matches with Kurt with the score 42
Analisa matches with Andrea with the score 88
Andrew matches with Arun Premnath with the score 68
Angelina matches with Antonietta Vicky with the score 92
Chih matches with Lifen with the score 85
Colin has no matches.
Dalila matches with Dana Colleen with the score 74
Kristin Lunney matches with Kristina with the score 77
Lauren matches with Lien T. with the score 85

Enter the name of file to open: Students.txt
The value of students.getmatchedis false
Abey matches with Melissa with the score 60
John matches with Jeff with the score 100
Craig has no matches.
